[    15.785] _XSERVTransSocketUNIXCreateListener: ...SocketCreateListener() failed
[    15.785] _XSERVTransMakeAllCOTSServerListeners: server already running
[    15.785] (--) Log file renamed from "/home/student/.local/share/xorg/Xorg.pid-2006.log" to "/home/student/.local/share/xorg/Xorg.1.log"
[    15.785] 
X.Org X Server 1.21.1.4
X Protocol Version 11, Revision 0
[    15.785] Current Operating System: Linux rjaffe-ThinkPad-L14-Gen-2 6.2.0-26-generic #26~22.04.1-Ubuntu SMP PREEMPT_DYNAMIC Thu Jul 13 16:27:29 UTC 2 x86_64
[    15.785] Kernel command line: BOOT_IMAGE=/boot/vmlinuz-6.2.0-26-generic root=UUID=1931f4d4-2913-4091-9eb7-66b33e3c85ab ro quiet splash vt.handoff=7
[    15.785] xorg-server 2:21.1.4-2ubuntu1.7~22.04.1 (For technical support please see http://www.ubuntu.com/support) 
[    15.785] Current version of pixman: 0.40.0
[    15.785] 	Before reporting problems, check http://wiki.x.org
	to make sure that you have the latest version.
[    15.785] Markers: (--) probed, (**) from config file, (==) default setting,
	(++) from command line, (!!) notice, (II) informational,
	(WW) warning, (EE) error, (NI) not implemented, (??) unknown.
[    15.785] (==) Log file: "/home/student/.local/share/xorg/Xorg.1.log", Time: Tue Sep  5 10:47:51 2023
[    15.785] (==) Using system config directory "/usr/share/X11/xorg.conf.d"
[    15.785] (==) No Layout section.  Using the first Screen section.
[    15.785] (==) No screen section available. Using defaults.
[    15.785] (**) |-->Screen "Default Screen Section" (0)
[    15.785] (**) |   |-->Monitor "<default monitor>"
[    15.785] (==) No monitor specified for screen "Default Screen Section".
	Using a default monitor configuration.
[    15.786] (==) Automatically adding devices
[    15.786] (==) Automatically enabling devices
[    15.786] (==) Automatically adding GPU devices
[    15.786] (==) Automatically binding GPU devices
[    15.786] (==) Max clients allowed: 256, resource mask: 0x1fffff
[    15.786] (WW) The directory "/usr/share/fonts/X11/cyrillic" does not exist.
[    15.786] 	Entry deleted from font path.
[    15.786] (WW) The directory "/usr/share/fonts/X11/100dpi/" does not exist.
[    15.786] 	Entry deleted from font path.
[    15.786] (WW) The directory "/usr/share/fonts/X11/75dpi/" does not exist.
[    15.786] 	Entry deleted from font path.
[    15.786] (WW) The directory "/usr/share/fonts/X11/100dpi" does not exist.
[    15.786] 	Entry deleted from font path.
[    15.786] (WW) The directory "/usr/share/fonts/X11/75dpi" does not exist.
[    15.786] 	Entry deleted from font path.
[    15.786] (==) FontPath set to:
	/usr/share/fonts/X11/misc,
	/usr/share/fonts/X11/Type1,
	built-ins
[    15.786] (==) ModulePath set to "/usr/lib/xorg/modules"
[    15.786] (II) The server relies on udev to provide the list of input devices.
	If no devices become available, reconfigure udev or disable AutoAddDevices.
[    15.786] (II) Loader magic: 0x55f854cd2020
[    15.786] (II) Module ABI versions:
[    15.786] 	X.Org ANSI C Emulation: 0.4
[    15.786] 	X.Org Video Driver: 25.2
[    15.786] 	X.Org XInput driver : 24.4
[    15.786] 	X.Org Server Extension : 10.0
[    15.786] (++) using VT number 2

[    15.787] (II) systemd-logind: took control of session /org/freedesktop/login1/session/_33
[    15.788] (II) xfree86: Adding drm device (/dev/dri/card0)
[    15.788] (II) Platform probe for /sys/devices/pci0000:00/0000:00:02.0/drm/card0
[    15.788] (II) systemd-logind: got fd for /dev/dri/card0 226:0 fd 15 paused 0
[    15.790] (--) PCI:*(0@0:2:0) 8086:9a49:17aa:508f rev 1, Mem @ 0x601c000000/16777216, 0x4000000000/268435456, I/O @ 0x00003000/64, BIOS @ 0x????????/131072
[    15.790] (II) LoadModule: "glx"
[    15.790] (II) Loading /usr/lib/xorg/modules/extensions/libglx.so
[    15.790] (II) Module glx: vendor="X.Org Foundation"
[    15.790] 	compiled for 1.21.1.4, module version = 1.0.0
[    15.790] 	ABI class: X.Org Server Extension, version 10.0
[    15.790] (==) Matched modesetting as autoconfigured driver 0
[    15.790] (==) Matched fbdev as autoconfigured driver 1
[    15.790] (==) Matched vesa as autoconfigured driver 2
[    15.790] (==) Assigned the driver to the xf86ConfigLayout
[    15.790] (II) LoadModule: "modesetting"
[    15.791] (II) Loading /usr/lib/xorg/modules/drivers/modesetting_drv.so
[    15.791] (II) Module modesetting: vendor="X.Org Foundation"
[    15.791] 	compiled for 1.21.1.4, module version = 1.21.1
[    15.791] 	Module class: X.Org Video Driver
[    15.791] 	ABI class: X.Org Video Driver, version 25.2
[    15.791] (II) LoadModule: "fbdev"
[    15.791] (II) Loading /usr/lib/xorg/modules/drivers/fbdev_drv.so
[    15.791] (II) Module fbdev: vendor="X.Org Foundation"
[    15.791] 	compiled for 1.21.1.3, module version = 0.5.0
[    15.791] 	Module class: X.Org Video Driver
[    15.791] 	ABI class: X.Org Video Driver, version 25.2
[    15.791] (II) LoadModule: "vesa"
[    15.791] (II) Loading /usr/lib/xorg/modules/drivers/vesa_drv.so
[    15.791] (II) Module vesa: vendor="X.Org Foundation"
[    15.791] 	compiled for 1.21.1.3, module version = 2.5.0
[    15.791] 	Module class: X.Org Video Driver
[    15.791] 	ABI class: X.Org Video Driver, version 25.2
[    15.791] (II) modesetting: Driver for Modesetting Kernel Drivers: kms
[    15.791] (II) FBDEV: driver for framebuffer: fbdev
[    15.791] (II) VESA: driver for VESA chipsets: vesa
[    15.791] xf86EnableIO: failed to enable I/O ports 0000-03ff (Operation not permitted)
[    15.791] (II) modeset(0): using drv /dev/dri/card0
[    15.791] (WW) Falling back to old probe method for fbdev
[    15.791] (II) Loading sub module "fbdevhw"
[    15.791] (II) LoadModule: "fbdevhw"
[    15.791] (II) Loading /usr/lib/xorg/modules/libfbdevhw.so
[    15.791] (II) Module fbdevhw: vendor="X.Org Foundation"
[    15.791] 	compiled for 1.21.1.4, module version = 0.0.2
[    15.791] 	ABI class: X.Org Video Driver, version 25.2
[    15.791] (EE) open /dev/fb0: Permission denied
[    15.791] (WW) VGA arbiter: cannot open kernel arbiter, no multi-card support
[    15.791] (II) modeset(0): Creating default Display subsection in Screen section
	"Default Screen Section" for depth/fbbpp 24/32
[    15.792] (==) modeset(0): Depth 24, (==) framebuffer bpp 32
[    15.792] (==) modeset(0): RGB weight 888
[    15.792] (==) modeset(0): Default visual is TrueColor
[    15.792] (II) Loading sub module "glamoregl"
[    15.792] (II) LoadModule: "glamoregl"
[    15.792] (II) Loading /usr/lib/xorg/modules/libglamoregl.so
[    15.794] (II) Module glamoregl: vendor="X.Org Foundation"
[    15.794] 	compiled for 1.21.1.4, module version = 1.0.1
[    15.794] 	ABI class: X.Org ANSI C Emulation, version 0.4
[    15.822] (II) modeset(0): glamor X acceleration enabled on Mesa Intel(R) Xe Graphics (TGL GT2)
[    15.822] (II) modeset(0): glamor initialized
[    15.822] (==) modeset(0): VariableRefresh: disabled
[    15.822] (==) modeset(0): AsyncFlipSecondaries: disabled
[    15.824] (II) modeset(0): Output eDP-1 has no monitor section
[    15.824] (II) modeset(0): Output HDMI-1 has no monitor section
[    15.824] (II) modeset(0): Output DP-1 has no monitor section
[    15.824] (II) modeset(0): Output DP-2 has no monitor section
[    15.824] (II) modeset(0): Output DP-3 has no monitor section
[    15.824] (II) modeset(0): Output DP-4 has no monitor section
[    15.826] (II) modeset(0): EDID for output eDP-1
[    15.826] (II) modeset(0): Manufacturer: BOE  Model: 8c7  Serial#: 0
[    15.826] (II) modeset(0): Year: 2019  Week: 32
[    15.826] (II) modeset(0): EDID Version: 1.4
[    15.826] (II) modeset(0): Digital Display Input
[    15.826] (II) modeset(0): 8 bits per channel
[    15.826] (II) modeset(0): Digital interface is DisplayPort
[    15.826] (II) modeset(0): Max Image Size [cm]: horiz.: 31  vert.: 17
[    15.826] (II) modeset(0): Gamma: 2.20
[    15.826] (II) modeset(0): No DPMS capabilities specified
[    15.826] (II) modeset(0): Supported color encodings: RGB 4:4:4 
[    15.826] (II) modeset(0): First detailed timing is preferred mode
[    15.826] (II) modeset(0): Preferred mode is native pixel format and refresh rate
[    15.826] (II) modeset(0): Display is continuous-frequency
[    15.826] (II) modeset(0): redX: 0.585 redY: 0.363   greenX: 0.350 greenY: 0.578
[    15.826] (II) modeset(0): blueX: 0.163 blueY: 0.138   whiteX: 0.313 whiteY: 0.329
[    15.826] (II) modeset(0): Manufacturer's mask: 0
[    15.826] (II) modeset(0): Supported detailed timing:
[    15.826] (II) modeset(0): clock: 143.3 MHz   Image Size:  309 x 174 mm
[    15.826] (II) modeset(0): h_active: 1920  h_sync: 1968  h_sync_end 2000 h_blank_end 2142 h_border: 0
[    15.826] (II) modeset(0): v_active: 1080  v_sync: 1083  v_sync_end 1089 v_blanking: 1115 v_border: 0
[    15.826] (II) modeset(0):  BOE CQ
[    15.826] (II) modeset(0):  NV140FHM-N48
[    15.826] (II) modeset(0): EDID (in hex):
[    15.826] (II) modeset(0): 	00ffffffffffff0009e5c70800000000
[    15.826] (II) modeset(0): 	201d0104a51f117803c8d5955d599429
[    15.826] (II) modeset(0): 	23505400000001010101010101010101
[    15.826] (II) modeset(0): 	010101010101fa3780de703823403020
[    15.826] (II) modeset(0): 	360035ae1000001a0000000000000000
[    15.826] (II) modeset(0): 	00000000000000000000000000fe0042
[    15.826] (II) modeset(0): 	4f452043510a202020202020000000fe
[    15.826] (II) modeset(0): 	004e5631343046484d2d4e34380a00b9
[    15.826] (II) modeset(0): Printing probed modes for output eDP-1
[    15.826] (II) modeset(0): Modeline "1920x1080"x60.0  143.30  1920 1968 2000 2142  1080 1083 1089 1115 +hsync -vsync (66.9 kHz eP)
[    15.826] (II) modeset(0): Modeline "1920x1080"x60.0  138.65  1920 1968 2000 2080  1080 1083 1088 1111 +hsync -vsync (66.7 kHz d)
[    15.826] (II) modeset(0): Modeline "1680x1050"x60.0  119.23  1680 1728 1760 1840  1050 1053 1059 1080 +hsync -vsync (64.8 kHz d)
[    15.826] (II) modeset(0): Modeline "1400x1050"x60.0  122.05  1400 1488 1640 1880  1050 1052 1064 1082 +hsync +vsync (64.9 kHz d)
[    15.826] (II) modeset(0): Modeline "1600x900"x60.0   97.78  1600 1648 1680 1760  900 903 908 926 +hsync -vsync (55.6 kHz d)
[    15.826] (II) modeset(0): Modeline "1280x1024"x60.0  107.96  1280 1328 1440 1688  1024 1025 1028 1066 +hsync +vsync (64.0 kHz d)
[    15.826] (II) modeset(0): Modeline "1400x900"x60.0   86.67  1400 1448 1480 1560  900 903 913 926 +hsync -vsync (55.6 kHz d)
[    15.826] (II) modeset(0): Modeline "1280x960"x60.0  108.00  1280 1376 1488 1800  960 961 964 1000 +hsync +vsync (60.0 kHz d)
[    15.826] (II) modeset(0): Modeline "1440x810"x60.0  151.94  1440 1464 1480 1520  810 811 814 833 doublescan +hsync -vsync (100.0 kHz d)
[    15.826] (II) modeset(0): Modeline "1368x768"x60.0   72.43  1368 1416 1448 1528  768 771 781 790 +hsync -vsync (47.4 kHz d)
[    15.826] (II) modeset(0): Modeline "1280x800"x60.0   71.11  1280 1328 1360 1440  800 803 809 823 +hsync -vsync (49.4 kHz d)
[    15.826] (II) modeset(0): Modeline "1280x720"x60.0   64.02  1280 1328 1360 1440  720 723 728 741 +hsync -vsync (44.5 kHz d)
[    15.826] (II) modeset(0): Modeline "1024x768"x60.0   65.00  1024 1048 1184 1344  768 771 777 806 -hsync -vsync (48.4 kHz d)
[    15.826] (II) modeset(0): Modeline "960x720"x60.0  117.00  960 1024 1128 1300  720 720 722 750 doublescan -hsync +vsync (90.0 kHz d)
[    15.826] (II) modeset(0): Modeline "928x696"x60.0  109.06  928 976 1088 1264  696 696 698 719 doublescan -hsync +vsync (86.3 kHz d)
[    15.826] (II) modeset(0): Modeline "896x672"x60.0  102.38  896 960 1060 1224  672 672 674 697 doublescan -hsync +vsync (83.6 kHz d)
[    15.826] (II) modeset(0): Modeline "1024x576"x60.0   42.13  1024 1072 1104 1184  576 579 584 593 +hsync -vsync (35.6 kHz d)
[    15.826] (II) modeset(0): Modeline "960x600"x60.0   77.00  960 984 1000 1040  600 601 604 617 doublescan +hsync -vsync (74.0 kHz d)
[    15.826] (II) modeset(0): Modeline "960x540"x60.0   37.36  960 1008 1040 1120  540 543 548 556 +hsync -vsync (33.4 kHz d)
[    15.826] (II) modeset(0): Modeline "800x600"x60.0   38.40  800 824 896 1024  600 601 603 625 +hsync +vsync (37.5 kHz d)
[    15.826] (II) modeset(0): Modeline "840x525"x60.0   59.62  840 864 880 920  525 526 529 540 doublescan +hsync -vsync (64.8 kHz d)
[    15.826] (II) modeset(0): Modeline "864x486"x60.0   30.72  864 912 944 1024  486 489 494 500 +hsync -vsync (30.0 kHz d)
[    15.826] (II) modeset(0): Modeline "700x525"x60.0   61.02  700 744 820 940  525 526 532 541 doublescan +hsync +vsync (64.9 kHz d)
[    15.826] (II) modeset(0): Modeline "800x450"x60.0   48.89  800 824 840 880  450 451 454 463 doublescan +hsync -vsync (55.6 kHz d)
[    15.826] (II) modeset(0): Modeline "640x512"x60.0   53.98  640 664 720 844  512 512 514 533 doublescan +hsync +vsync (64.0 kHz d)
[    15.826] (II) modeset(0): Modeline "700x450"x60.0   43.34  700 724 740 780  450 451 456 463 doublescan +hsync -vsync (55.6 kHz d)
[    15.826] (II) modeset(0): Modeline "640x480"x60.0   25.20  640 656 752 800  480 490 492 525 -hsync -vsync (31.5 kHz d)
[    15.826] (II) modeset(0): Modeline "720x405"x60.0   22.12  720 768 800 880  405 408 413 419 +hsync -vsync (25.1 kHz d)
[    15.826] (II) modeset(0): Modeline "684x384"x60.0   36.21  684 708 724 764  384 385 390 395 doublescan +hsync -vsync (47.4 kHz d)
[    15.826] (II) modeset(0): Modeline "640x360"x60.0   17.95  640 688 720 800  360 363 368 374 +hsync -vsync (22.4 kHz d)
[    15.826] (II) modeset(0): Modeline "512x384"x60.0   32.50  512 524 592 672  384 385 388 403 doublescan -hsync -vsync (48.4 kHz d)
[    15.826] (II) modeset(0): Modeline "512x288"x60.0   21.03  512 536 552 592  288 289 292 296 doublescan +hsync -vsync (35.5 kHz d)
[    15.826] (II) modeset(0): Modeline "480x270"x60.0   18.68  480 504 520 560  270 271 274 278 doublescan +hsync -vsync (33.4 kHz d)
[    15.826] (II) modeset(0): Modeline "400x300"x60.0   19.17  400 412 448 512  300 300 301 312 doublescan +hsync +vsync (37.4 kHz d)
[    15.826] (II) modeset(0): Modeline "432x243"x60.0   15.36  432 456 472 512  243 244 247 250 doublescan +hsync -vsync (30.0 kHz d)
[    15.826] (II) modeset(0): Modeline "320x240"x60.0   12.58  320 328 376 400  240 245 246 262 doublescan -hsync -vsync (31.4 kHz d)
[    15.826] (II) modeset(0): Modeline "360x202"x60.0   11.04  360 384 400 440  202 204 206 209 doublescan +hsync -vsync (25.1 kHz d)
[    15.826] (II) modeset(0): Modeline "320x180"x60.0    8.98  320 344 360 400  180 181 184 187 doublescan +hsync -vsync (22.4 kHz d)
[    15.826] (II) modeset(0): EDID for output HDMI-1
[    15.826] (II) modeset(0): EDID for output DP-1
[    15.826] (II) modeset(0): EDID for output DP-2
[    15.826] (II) modeset(0): EDID for output DP-3
[    15.827] (II) modeset(0): EDID for output DP-4
[    15.827] (II) modeset(0): Output eDP-1 connected
[    15.827] (II) modeset(0): Output HDMI-1 disconnected
[    15.827] (II) modeset(0): Output DP-1 disconnected
[    15.827] (II) modeset(0): Output DP-2 disconnected
[    15.827] (II) modeset(0): Output DP-3 disconnected
[    15.827] (II) modeset(0): Output DP-4 disconnected
[    15.827] (II) modeset(0): Using exact sizes for initial modes
[    15.827] (II) modeset(0): Output eDP-1 using initial mode 1920x1080 +0+0
[    15.827] (==) modeset(0): Using gamma correction (1.0, 1.0, 1.0)
[    15.827] (==) modeset(0): DPI set to (96, 96)
[    15.827] (II) Loading sub module "fb"
[    15.827] (II) LoadModule: "fb"
[    15.827] (II) Module "fb" already built-in
[    15.827] (II) UnloadModule: "fbdev"
[    15.827] (II) Unloading fbdev
[    15.827] (II) UnloadSubModule: "fbdevhw"
[    15.827] (II) Unloading fbdevhw
[    15.827] (II) UnloadModule: "vesa"
[    15.827] (II) Unloading vesa
[    15.838] (==) modeset(0): Backing store enabled
[    15.838] (==) modeset(0): Silken mouse enabled
[    15.906] (II) modeset(0): Initializing kms color map for depth 24, 8 bpc.
[    15.907] (==) modeset(0): DPMS enabled
[    15.907] (II) modeset(0): [DRI2] Setup complete
[    15.907] (II) modeset(0): [DRI2]   DRI driver: iris
[    15.907] (II) modeset(0): [DRI2]   VDPAU driver: va_gl
[    15.907] (II) Initializing extension Generic Event Extension
[    15.907] (II) Initializing extension SHAPE
[    15.907] (II) Initializing extension MIT-SHM
[    15.907] (II) Initializing extension XInputExtension
[    15.907] (II) Initializing extension XTEST
[    15.907] (II) Initializing extension BIG-REQUESTS
[    15.907] (II) Initializing extension SYNC
[    15.907] (II) Initializing extension XKEYBOARD
[    15.907] (II) Initializing extension XC-MISC
[    15.907] (II) Initializing extension SECURITY
[    15.907] (II) Initializing extension XFIXES
[    15.907] (II) Initializing extension RENDER
[    15.907] (II) Initializing extension RANDR
[    15.907] (II) Initializing extension COMPOSITE
[    15.908] (II) Initializing extension DAMAGE
[    15.908] (II) Initializing extension MIT-SCREEN-SAVER
[    15.908] (II) Initializing extension DOUBLE-BUFFER
[    15.908] (II) Initializing extension RECORD
[    15.908] (II) Initializing extension DPMS
[    15.908] (II) Initializing extension Present
[    15.908] (II) Initializing extension DRI3
[    15.908] (II) Initializing extension X-Resource
[    15.908] (II) Initializing extension XVideo
[    15.908] (II) Initializing extension XVideo-MotionCompensation
[    15.908] (II) Initializing extension SELinux
[    15.908] (II) SELinux: Disabled on system
[    15.908] (II) Initializing extension GLX
[    15.913] (II) AIGLX: Loaded and initialized iris
[    15.913] (II) GLX: Initialized DRI2 GL provider for screen 0
[    15.913] (II) Initializing extension XFree86-VidModeExtension
[    15.913] (II) Initializing extension XFree86-DGA
[    15.913] (II) Initializing extension XFree86-DRI
[    15.913] (II) Initializing extension DRI2
[    15.913] (II) modeset(0): Damage tracking initialized
[    15.913] (II) modeset(0): Setting screen physical size to 508 x 285
[    15.939] (II) config/udev: Adding input device Power Button (/dev/input/event2)
[    15.940] (**) Power Button: Applying InputClass "libinput keyboard catchall"
[    15.940] (II) LoadModule: "libinput"
[    15.940] (II) Loading /usr/lib/xorg/modules/input/libinput_drv.so
[    15.940] (II) Module libinput: vendor="X.Org Foundation"
[    15.940] 	compiled for 1.20.14, module version = 1.2.1
[    15.940] 	Module class: X.Org XInput Driver
[    15.940] 	ABI class: X.Org XInput driver, version 24.1
[    15.940] (II) Using input driver 'libinput' for 'Power Button'
[    15.941] (II) systemd-logind: got fd for /dev/input/event2 13:66 fd 29 paused 0
[    15.941] (**) Power Button: always reports core events
[    15.941] (**) Option "Device" "/dev/input/event2"
[    15.943] (II) event2  - Power Button: is tagged by udev as: Keyboard
[    15.943] (II) event2  - Power Button: device is a keyboard
[    15.943] (II) event2  - Power Button: device removed
[    15.943] (**) Option "config_info" "udev:/sys/devices/LNXSYSTM:00/LNXPWRBN:00/input/input2/event2"
[    15.943] (II) XINPUT: Adding extended input device "Power Button" (type: KEYBOARD, id 6)
[    15.943] (**) Option "xkb_model" "pc105"
[    15.943] (**) Option "xkb_layout" "us"
[    15.944] (II) event2  - Power Button: is tagged by udev as: Keyboard
[    15.944] (II) event2  - Power Button: device is a keyboard
[    15.944] (II) config/udev: Adding input device Video Bus (/dev/input/event8)
[    15.944] (**) Video Bus: Applying InputClass "libinput keyboard catchall"
[    15.944] (II) Using input driver 'libinput' for 'Video Bus'
[    15.944] (II) systemd-logind: got fd for /dev/input/event8 13:72 fd 32 paused 0
[    15.944] (**) Video Bus: always reports core events
[    15.944] (**) Option "Device" "/dev/input/event8"
[    15.945] (II) event8  - Video Bus: is tagged by udev as: Keyboard
[    15.945] (II) event8  - Video Bus: device is a keyboard
[    15.945] (II) event8  - Video Bus: device removed
[    15.945] (**) Option "config_info" "udev:/sys/devices/LNXSYSTM:00/LNXSYBUS:00/PNP0A08:00/LNXVIDEO:00/input/input10/event8"
[    15.945] (II) XINPUT: Adding extended input device "Video Bus" (type: KEYBOARD, id 7)
[    15.945] (**) Option "xkb_model" "pc105"
[    15.945] (**) Option "xkb_layout" "us"
[    15.946] (II) event8  - Video Bus: is tagged by udev as: Keyboard
[    15.946] (II) event8  - Video Bus: device is a keyboard
[    15.946] (II) config/udev: Adding input device Lid Switch (/dev/input/event1)
[    15.946] (II) No input driver specified, ignoring this device.
[    15.946] (II) This device may have been added with another device file.
[    15.947] (II) config/udev: Adding input device Sleep Button (/dev/input/event0)
[    15.947] (**) Sleep Button: Applying InputClass "libinput keyboard catchall"
[    15.947] (II) Using input driver 'libinput' for 'Sleep Button'
[    15.947] (II) systemd-logind: got fd for /dev/input/event0 13:64 fd 33 paused 0
[    15.947] (**) Sleep Button: always reports core events
[    15.947] (**) Option "Device" "/dev/input/event0"
[    15.948] (II) event0  - Sleep Button: is tagged by udev as: Keyboard
[    15.948] (II) event0  - Sleep Button: device is a keyboard
[    15.948] (II) event0  - Sleep Button: device removed
[    15.948] (**) Option "config_info" "udev:/sys/devices/LNXSYSTM:00/LNXSYBUS:00/PNP0C0E:00/input/input0/event0"
[    15.948] (II) XINPUT: Adding extended input device "Sleep Button" (type: KEYBOARD, id 8)
[    15.948] (**) Option "xkb_model" "pc105"
[    15.948] (**) Option "xkb_layout" "us"
[    15.949] (II) event0  - Sleep Button: is tagged by udev as: Keyboard
[    15.949] (II) event0  - Sleep Button: device is a keyboard
[    15.950] (II) config/udev: Adding input device PixArt Lenovo USB Optical Mouse (/dev/input/event7)
[    15.950] (**) PixArt Lenovo USB Optical Mouse: Applying InputClass "libinput pointer catchall"
[    15.950] (II) Using input driver 'libinput' for 'PixArt Lenovo USB Optical Mouse'
[    15.950] (II) systemd-logind: got fd for /dev/input/event7 13:71 fd 34 paused 0
[    15.950] (**) PixArt Lenovo USB Optical Mouse: always reports core events
[    15.950] (**) Option "Device" "/dev/input/event7"
[    15.951] (II) event7  - PixArt Lenovo USB Optical Mouse: is tagged by udev as: Mouse
[    15.952] (II) event7  - PixArt Lenovo USB Optical Mouse: device is a pointer
[    15.952] (II) event7  - PixArt Lenovo USB Optical Mouse: device removed
[    15.952] (**) Option "config_info" "udev:/sys/devices/pci0000:00/0000:00:14.0/usb3/3-1/3-1:1.0/0003:17EF:6019.0001/input/input9/event7"
[    15.952] (II) XINPUT: Adding extended input device "PixArt Lenovo USB Optical Mouse" (type: MOUSE, id 9)
[    15.952] (**) Option "AccelerationScheme" "none"
[    15.952] (**) PixArt Lenovo USB Optical Mouse: (accel) selected scheme none/0
[    15.952] (**) PixArt Lenovo USB Optical Mouse: (accel) acceleration factor: 2.000
[    15.952] (**) PixArt Lenovo USB Optical Mouse: (accel) acceleration threshold: 4
[    15.953] (II) event7  - PixArt Lenovo USB Optical Mouse: is tagged by udev as: Mouse
[    15.953] (II) event7  - PixArt Lenovo USB Optical Mouse: device is a pointer
[    15.953] (II) config/udev: Adding input device PixArt Lenovo USB Optical Mouse (/dev/input/mouse1)
[    15.953] (II) No input driver specified, ignoring this device.
[    15.953] (II) This device may have been added with another device file.
[    15.954] (II) config/udev: Adding input device Integrated Camera: Integrated C (/dev/input/event5)
[    15.954] (**) Integrated Camera: Integrated C: Applying InputClass "libinput keyboard catchall"
[    15.954] (II) Using input driver 'libinput' for 'Integrated Camera: Integrated C'
[    15.954] (II) systemd-logind: got fd for /dev/input/event5 13:69 fd 35 paused 0
[    15.954] (**) Integrated Camera: Integrated C: always reports core events
[    15.954] (**) Option "Device" "/dev/input/event5"
[    15.955] (II) event5  - Integrated Camera: Integrated C: is tagged by udev as: Keyboard
[    15.955] (II) event5  - Integrated Camera: Integrated C: device is a keyboard
[    15.955] (II) event5  - Integrated Camera: Integrated C: device removed
[    15.955] (**) Option "config_info" "udev:/sys/devices/pci0000:00/0000:00:14.0/usb3/3-7/3-7:1.0/input/input8/event5"
[    15.955] (II) XINPUT: Adding extended input device "Integrated Camera: Integrated C" (type: KEYBOARD, id 10)
[    15.955] (**) Option "xkb_model" "pc105"
[    15.955] (**) Option "xkb_layout" "us"
[    15.956] (II) event5  - Integrated Camera: Integrated C: is tagged by udev as: Keyboard
[    15.956] (II) event5  - Integrated Camera: Integrated C: device is a keyboard
[    15.956] (II) config/udev: Adding input device sof-hda-dsp Mic (/dev/input/event9)
[    15.956] (II) No input driver specified, ignoring this device.
[    15.956] (II) This device may have been added with another device file.
[    15.956] (II) config/udev: Adding input device sof-hda-dsp Headphone (/dev/input/event10)
[    15.956] (II) No input driver specified, ignoring this device.
[    15.956] (II) This device may have been added with another device file.
[    15.957] (II) config/udev: Adding input device sof-hda-dsp HDMI/DP,pcm=3 (/dev/input/event11)
[    15.957] (II) No input driver specified, ignoring this device.
[    15.957] (II) This device may have been added with another device file.
[    15.957] (II) config/udev: Adding input device sof-hda-dsp HDMI/DP,pcm=4 (/dev/input/event12)
[    15.957] (II) No input driver specified, ignoring this device.
[    15.957] (II) This device may have been added with another device file.
[    15.958] (II) config/udev: Adding input device sof-hda-dsp HDMI/DP,pcm=5 (/dev/input/event13)
[    15.958] (II) No input driver specified, ignoring this device.
[    15.958] (II) This device may have been added with another device file.
[    15.958] (II) config/udev: Adding input device AT Translated Set 2 keyboard (/dev/input/event3)
[    15.958] (**) AT Translated Set 2 keyboard: Applying InputClass "libinput keyboard catchall"
[    15.958] (II) Using input driver 'libinput' for 'AT Translated Set 2 keyboard'
[    15.959] (II) systemd-logind: got fd for /dev/input/event3 13:67 fd 36 paused 0
[    15.959] (**) AT Translated Set 2 keyboard: always reports core events
[    15.959] (**) Option "Device" "/dev/input/event3"
[    15.959] (II) event3  - AT Translated Set 2 keyboard: is tagged by udev as: Keyboard
[    15.959] (II) event3  - AT Translated Set 2 keyboard: device is a keyboard
[    15.959] (II) event3  - AT Translated Set 2 keyboard: device removed
[    15.959] (**) Option "config_info" "udev:/sys/devices/platform/i8042/serio0/input/input3/event3"
[    15.960] (II) XINPUT: Adding extended input device "AT Translated Set 2 keyboard" (type: KEYBOARD, id 11)
[    15.960] (**) Option "xkb_model" "pc105"
[    15.960] (**) Option "xkb_layout" "us"
[    15.960] (II) event3  - AT Translated Set 2 keyboard: is tagged by udev as: Keyboard
[    15.960] (II) event3  - AT Translated Set 2 keyboard: device is a keyboard
[    15.961] (II) config/udev: Adding input device SynPS/2 Synaptics TouchPad (/dev/input/event4)
[    15.961] (**) SynPS/2 Synaptics TouchPad: Applying InputClass "libinput touchpad catchall"
[    15.961] (II) Using input driver 'libinput' for 'SynPS/2 Synaptics TouchPad'
[    15.961] (II) systemd-logind: got fd for /dev/input/event4 13:68 fd 37 paused 0
[    15.961] (**) SynPS/2 Synaptics TouchPad: always reports core events
[    15.961] (**) Option "Device" "/dev/input/event4"
[    15.962] (II) event4  - SynPS/2 Synaptics TouchPad: is tagged by udev as: Touchpad
[    15.962] (II) event4  - SynPS/2 Synaptics TouchPad: no resolution or size hints, assuming a size of 69x50mm
[    15.963] (II) event4  - SynPS/2 Synaptics TouchPad: device is a touchpad
[    15.963] (II) event4  - SynPS/2 Synaptics TouchPad: device removed
[    15.964] (**) Option "config_info" "udev:/sys/devices/platform/i8042/serio1/input/input5/event4"
[    15.964] (II) XINPUT: Adding extended input device "SynPS/2 Synaptics TouchPad" (type: TOUCHPAD, id 12)
[    15.965] (**) Option "AccelerationScheme" "none"
[    15.965] (**) SynPS/2 Synaptics TouchPad: (accel) selected scheme none/0
[    15.965] (**) SynPS/2 Synaptics TouchPad: (accel) acceleration factor: 2.000
[    15.965] (**) SynPS/2 Synaptics TouchPad: (accel) acceleration threshold: 4
[    15.965] (II) event4  - SynPS/2 Synaptics TouchPad: is tagged by udev as: Touchpad
[    15.966] (II) event4  - SynPS/2 Synaptics TouchPad: no resolution or size hints, assuming a size of 69x50mm
[    15.967] (II) event4  - SynPS/2 Synaptics TouchPad: device is a touchpad
[    15.969] (II) config/udev: Adding input device SynPS/2 Synaptics TouchPad (/dev/input/mouse0)
[    15.969] (II) No input driver specified, ignoring this device.
[    15.969] (II) This device may have been added with another device file.
[    15.969] (II) config/udev: Adding input device TPPS/2 Elan TrackPoint (/dev/input/event14)
[    15.969] (**) TPPS/2 Elan TrackPoint: Applying InputClass "libinput pointer catchall"
[    15.969] (II) Using input driver 'libinput' for 'TPPS/2 Elan TrackPoint'
[    15.970] (II) systemd-logind: got fd for /dev/input/event14 13:78 fd 38 paused 0
[    15.970] (**) TPPS/2 Elan TrackPoint: always reports core events
[    15.970] (**) Option "Device" "/dev/input/event14"
[    15.970] (II) event14 - TPPS/2 Elan TrackPoint: is tagged by udev as: Mouse Pointingstick
[    15.971] (II) event14 - TPPS/2 Elan TrackPoint: device is a pointer
[    15.971] (II) event14 - TPPS/2 Elan TrackPoint: device removed
[    15.971] (**) Option "config_info" "udev:/sys/devices/platform/i8042/serio1/serio2/input/input7/event14"
[    15.971] (II) XINPUT: Adding extended input device "TPPS/2 Elan TrackPoint" (type: MOUSE, id 13)
[    15.972] (**) Option "AccelerationScheme" "none"
[    15.972] (**) TPPS/2 Elan TrackPoint: (accel) selected scheme none/0
[    15.972] (**) TPPS/2 Elan TrackPoint: (accel) acceleration factor: 2.000
[    15.972] (**) TPPS/2 Elan TrackPoint: (accel) acceleration threshold: 4
[    15.972] (II) event14 - TPPS/2 Elan TrackPoint: is tagged by udev as: Mouse Pointingstick
[    15.973] (II) event14 - TPPS/2 Elan TrackPoint: device is a pointer
[    15.974] (II) config/udev: Adding input device TPPS/2 Elan TrackPoint (/dev/input/mouse2)
[    15.974] (II) No input driver specified, ignoring this device.
[    15.974] (II) This device may have been added with another device file.
[    15.976] (II) config/udev: Adding input device ThinkPad Extra Buttons (/dev/input/event6)
[    15.976] (**) ThinkPad Extra Buttons: Applying InputClass "libinput keyboard catchall"
[    15.976] (II) Using input driver 'libinput' for 'ThinkPad Extra Buttons'
[    15.977] (II) systemd-logind: got fd for /dev/input/event6 13:70 fd 39 paused 0
[    15.977] (**) ThinkPad Extra Buttons: always reports core events
[    15.977] (**) Option "Device" "/dev/input/event6"
[    15.977] (II) event6  - ThinkPad Extra Buttons: is tagged by udev as: Keyboard Switch
[    15.977] (II) event6  - ThinkPad Extra Buttons: device is a keyboard
[    15.977] (II) event6  - ThinkPad Extra Buttons: device removed
[    15.977] (**) Option "config_info" "udev:/sys/devices/platform/thinkpad_acpi/input/input6/event6"
[    15.978] (II) XINPUT: Adding extended input device "ThinkPad Extra Buttons" (type: KEYBOARD, id 14)
[    15.978] (**) Option "xkb_model" "pc105"
[    15.978] (**) Option "xkb_layout" "us"
[    15.978] (II) event6  - ThinkPad Extra Buttons: is tagged by udev as: Keyboard Switch
[    15.978] (II) event6  - ThinkPad Extra Buttons: device is a keyboard
[    16.408] (II) modeset(0): EDID vendor "BOE", prod id 2247
[    16.408] (II) modeset(0): Printing DDC gathered Modelines:
[    16.408] (II) modeset(0): Modeline "1920x1080"x0.0  143.30  1920 1968 2000 2142  1080 1083 1089 1115 +hsync -vsync (66.9 kHz eP)
[   859.470] (II) event7  - PixArt Lenovo USB Optical Mouse: device removed
[   859.472] (II) config/udev: removing device PixArt Lenovo USB Optical Mouse
[   859.472] (**) Option "fd" "34"
[   859.476] (II) UnloadModule: "libinput"
[   859.477] (II) systemd-logind: releasing fd for 13:71
[  1028.422] (II) config/udev: Adding input device PixArt Lenovo USB Optical Mouse (/dev/input/mouse1)
[  1028.422] (II) No input driver specified, ignoring this device.
[  1028.422] (II) This device may have been added with another device file.
[  1028.491] (II) config/udev: Adding input device PixArt Lenovo USB Optical Mouse (/dev/input/event7)
[  1028.491] (**) PixArt Lenovo USB Optical Mouse: Applying InputClass "libinput pointer catchall"
[  1028.491] (II) Using input driver 'libinput' for 'PixArt Lenovo USB Optical Mouse'
[  1028.492] (II) systemd-logind: got fd for /dev/input/event7 13:71 fd 85 paused 0
[  1028.492] (**) PixArt Lenovo USB Optical Mouse: always reports core events
[  1028.492] (**) Option "Device" "/dev/input/event7"
[  1028.494] (II) event7  - PixArt Lenovo USB Optical Mouse: is tagged by udev as: Mouse
[  1028.495] (II) event7  - PixArt Lenovo USB Optical Mouse: device is a pointer
[  1028.495] (II) event7  - PixArt Lenovo USB Optical Mouse: device removed
[  1028.495] (**) Option "config_info" "udev:/sys/devices/pci0000:00/0000:00:14.0/usb3/3-1/3-1:1.0/0003:17EF:6019.0002/input/input16/event7"
[  1028.495] (II) XINPUT: Adding extended input device "PixArt Lenovo USB Optical Mouse" (type: MOUSE, id 9)
[  1028.496] (**) Option "AccelerationScheme" "none"
[  1028.496] (**) PixArt Lenovo USB Optical Mouse: (accel) selected scheme none/0
[  1028.496] (**) PixArt Lenovo USB Optical Mouse: (accel) acceleration factor: 2.000
[  1028.496] (**) PixArt Lenovo USB Optical Mouse: (accel) acceleration threshold: 4
[  1028.498] (II) event7  - PixArt Lenovo USB Optical Mouse: is tagged by udev as: Mouse
[  1028.498] (II) event7  - PixArt Lenovo USB Optical Mouse: device is a pointer
